[2025-11-27T20:22:32.170+0000] {processor.py:157} INFO - Started process (PID=181) to work on /opt/airflow/dags/crawler_dag.py
[2025-11-27T20:22:32.170+0000] {processor.py:829} INFO - Processing file /opt/airflow/dags/crawler_dag.py for tasks to queue
[2025-11-27T20:22:32.171+0000] {logging_mixin.py:151} INFO - [2025-11-27T20:22:32.170+0000] {dagbag.py:536} INFO - Filling up the DagBag from /opt/airflow/dags/crawler_dag.py
[2025-11-27T20:22:32.173+0000] {logging_mixin.py:151} INFO - [2025-11-27T20:22:32.172+0000] {dagbag.py:346} ERROR - Failed to import: /opt/airflow/dags/crawler_dag.py
Traceback (most recent call last):
  File "/home/airflow/.local/lib/python3.8/site-packages/airflow/models/dagbag.py", line 342, in parse
    loader.exec_module(new_module)
  File "<frozen importlib._bootstrap_external>", line 843, in exec_module
  File "<frozen importlib._bootstrap>", line 219, in _call_with_frames_removed
  File "/opt/airflow/dags/crawler_dag.py", line 10, in <module>
    from crawler import incremental_update_daily, incremental_update_intraday
ModuleNotFoundError: No module named 'crawler'
[2025-11-27T20:22:32.173+0000] {processor.py:841} WARNING - No viable dags retrieved from /opt/airflow/dags/crawler_dag.py
[2025-11-27T20:22:32.198+0000] {processor.py:179} INFO - Processing /opt/airflow/dags/crawler_dag.py took 0.030 seconds
[2025-11-27T20:22:45.241+0000] {processor.py:157} INFO - Started process (PID=170) to work on /opt/airflow/dags/crawler_dag.py
[2025-11-27T20:22:45.241+0000] {processor.py:829} INFO - Processing file /opt/airflow/dags/crawler_dag.py for tasks to queue
[2025-11-27T20:22:45.242+0000] {logging_mixin.py:151} INFO - [2025-11-27T20:22:45.242+0000] {dagbag.py:536} INFO - Filling up the DagBag from /opt/airflow/dags/crawler_dag.py
[2025-11-27T20:22:45.244+0000] {logging_mixin.py:151} INFO - [2025-11-27T20:22:45.243+0000] {dagbag.py:346} ERROR - Failed to import: /opt/airflow/dags/crawler_dag.py
Traceback (most recent call last):
  File "/home/airflow/.local/lib/python3.8/site-packages/airflow/models/dagbag.py", line 342, in parse
    loader.exec_module(new_module)
  File "<frozen importlib._bootstrap_external>", line 843, in exec_module
  File "<frozen importlib._bootstrap>", line 219, in _call_with_frames_removed
  File "/opt/airflow/dags/crawler_dag.py", line 10, in <module>
    from crawler import incremental_update_daily, incremental_update_intraday
ModuleNotFoundError: No module named 'crawler'
[2025-11-27T20:22:45.244+0000] {processor.py:841} WARNING - No viable dags retrieved from /opt/airflow/dags/crawler_dag.py
[2025-11-27T20:22:45.259+0000] {processor.py:179} INFO - Processing /opt/airflow/dags/crawler_dag.py took 0.020 seconds
[2025-11-27T20:23:15.345+0000] {processor.py:157} INFO - Started process (PID=176) to work on /opt/airflow/dags/crawler_dag.py
[2025-11-27T20:23:15.346+0000] {processor.py:829} INFO - Processing file /opt/airflow/dags/crawler_dag.py for tasks to queue
[2025-11-27T20:23:15.346+0000] {logging_mixin.py:151} INFO - [2025-11-27T20:23:15.346+0000] {dagbag.py:536} INFO - Filling up the DagBag from /opt/airflow/dags/crawler_dag.py
[2025-11-27T20:23:15.348+0000] {logging_mixin.py:151} INFO - [2025-11-27T20:23:15.348+0000] {dagbag.py:346} ERROR - Failed to import: /opt/airflow/dags/crawler_dag.py
Traceback (most recent call last):
  File "/home/airflow/.local/lib/python3.8/site-packages/airflow/models/dagbag.py", line 342, in parse
    loader.exec_module(new_module)
  File "<frozen importlib._bootstrap_external>", line 843, in exec_module
  File "<frozen importlib._bootstrap>", line 219, in _call_with_frames_removed
  File "/opt/airflow/dags/crawler_dag.py", line 10, in <module>
    from crawler import incremental_update_daily, incremental_update_intraday
ModuleNotFoundError: No module named 'crawler'
[2025-11-27T20:23:15.349+0000] {processor.py:841} WARNING - No viable dags retrieved from /opt/airflow/dags/crawler_dag.py
[2025-11-27T20:23:15.366+0000] {processor.py:179} INFO - Processing /opt/airflow/dags/crawler_dag.py took 0.022 seconds
[2025-11-27T20:23:45.448+0000] {processor.py:157} INFO - Started process (PID=181) to work on /opt/airflow/dags/crawler_dag.py
[2025-11-27T20:23:45.448+0000] {processor.py:829} INFO - Processing file /opt/airflow/dags/crawler_dag.py for tasks to queue
[2025-11-27T20:23:45.449+0000] {logging_mixin.py:151} INFO - [2025-11-27T20:23:45.448+0000] {dagbag.py:536} INFO - Filling up the DagBag from /opt/airflow/dags/crawler_dag.py
[2025-11-27T20:23:45.451+0000] {logging_mixin.py:151} INFO - [2025-11-27T20:23:45.450+0000] {dagbag.py:346} ERROR - Failed to import: /opt/airflow/dags/crawler_dag.py
Traceback (most recent call last):
  File "/home/airflow/.local/lib/python3.8/site-packages/airflow/models/dagbag.py", line 342, in parse
    loader.exec_module(new_module)
  File "<frozen importlib._bootstrap_external>", line 843, in exec_module
  File "<frozen importlib._bootstrap>", line 219, in _call_with_frames_removed
  File "/opt/airflow/dags/crawler_dag.py", line 10, in <module>
    from crawler import incremental_update_daily, incremental_update_intraday
ModuleNotFoundError: No module named 'crawler'
[2025-11-27T20:23:45.451+0000] {processor.py:841} WARNING - No viable dags retrieved from /opt/airflow/dags/crawler_dag.py
[2025-11-27T20:23:45.468+0000] {processor.py:179} INFO - Processing /opt/airflow/dags/crawler_dag.py took 0.022 seconds
[2025-11-27T20:24:15.547+0000] {processor.py:157} INFO - Started process (PID=186) to work on /opt/airflow/dags/crawler_dag.py
[2025-11-27T20:24:15.548+0000] {processor.py:829} INFO - Processing file /opt/airflow/dags/crawler_dag.py for tasks to queue
[2025-11-27T20:24:15.548+0000] {logging_mixin.py:151} INFO - [2025-11-27T20:24:15.548+0000] {dagbag.py:536} INFO - Filling up the DagBag from /opt/airflow/dags/crawler_dag.py
[2025-11-27T20:24:15.550+0000] {logging_mixin.py:151} INFO - [2025-11-27T20:24:15.550+0000] {dagbag.py:346} ERROR - Failed to import: /opt/airflow/dags/crawler_dag.py
Traceback (most recent call last):
  File "/home/airflow/.local/lib/python3.8/site-packages/airflow/models/dagbag.py", line 342, in parse
    loader.exec_module(new_module)
  File "<frozen importlib._bootstrap_external>", line 843, in exec_module
  File "<frozen importlib._bootstrap>", line 219, in _call_with_frames_removed
  File "/opt/airflow/dags/crawler_dag.py", line 10, in <module>
    from crawler import incremental_update_daily, incremental_update_intraday
ModuleNotFoundError: No module named 'crawler'
[2025-11-27T20:24:15.551+0000] {processor.py:841} WARNING - No viable dags retrieved from /opt/airflow/dags/crawler_dag.py
[2025-11-27T20:24:15.565+0000] {processor.py:179} INFO - Processing /opt/airflow/dags/crawler_dag.py took 0.019 seconds
[2025-11-27T20:24:30.384+0000] {processor.py:157} INFO - Started process (PID=171) to work on /opt/airflow/dags/crawler_dag.py
[2025-11-27T20:24:30.384+0000] {processor.py:829} INFO - Processing file /opt/airflow/dags/crawler_dag.py for tasks to queue
[2025-11-27T20:24:30.385+0000] {logging_mixin.py:151} INFO - [2025-11-27T20:24:30.384+0000] {dagbag.py:536} INFO - Filling up the DagBag from /opt/airflow/dags/crawler_dag.py
[2025-11-27T20:24:30.387+0000] {logging_mixin.py:151} INFO - [2025-11-27T20:24:30.386+0000] {dagbag.py:346} ERROR - Failed to import: /opt/airflow/dags/crawler_dag.py
Traceback (most recent call last):
  File "/home/airflow/.local/lib/python3.8/site-packages/airflow/models/dagbag.py", line 342, in parse
    loader.exec_module(new_module)
  File "<frozen importlib._bootstrap_external>", line 843, in exec_module
  File "<frozen importlib._bootstrap>", line 219, in _call_with_frames_removed
  File "/opt/airflow/dags/crawler_dag.py", line 10, in <module>
    from crawler import incremental_update_daily, incremental_update_intraday
ModuleNotFoundError: No module named 'crawler'
[2025-11-27T20:24:30.387+0000] {processor.py:841} WARNING - No viable dags retrieved from /opt/airflow/dags/crawler_dag.py
[2025-11-27T20:24:30.402+0000] {processor.py:179} INFO - Processing /opt/airflow/dags/crawler_dag.py took 0.020 seconds
[2025-11-27T20:25:00.489+0000] {processor.py:157} INFO - Started process (PID=176) to work on /opt/airflow/dags/crawler_dag.py
[2025-11-27T20:25:00.489+0000] {processor.py:829} INFO - Processing file /opt/airflow/dags/crawler_dag.py for tasks to queue
[2025-11-27T20:25:00.490+0000] {logging_mixin.py:151} INFO - [2025-11-27T20:25:00.490+0000] {dagbag.py:536} INFO - Filling up the DagBag from /opt/airflow/dags/crawler_dag.py
[2025-11-27T20:25:00.492+0000] {logging_mixin.py:151} INFO - [2025-11-27T20:25:00.491+0000] {dagbag.py:346} ERROR - Failed to import: /opt/airflow/dags/crawler_dag.py
Traceback (most recent call last):
  File "/home/airflow/.local/lib/python3.8/site-packages/airflow/models/dagbag.py", line 342, in parse
    loader.exec_module(new_module)
  File "<frozen importlib._bootstrap_external>", line 843, in exec_module
  File "<frozen importlib._bootstrap>", line 219, in _call_with_frames_removed
  File "/opt/airflow/dags/crawler_dag.py", line 10, in <module>
    from crawler import incremental_update_daily, incremental_update_intraday
ModuleNotFoundError: No module named 'crawler'
[2025-11-27T20:25:00.493+0000] {processor.py:841} WARNING - No viable dags retrieved from /opt/airflow/dags/crawler_dag.py
[2025-11-27T20:25:00.507+0000] {processor.py:179} INFO - Processing /opt/airflow/dags/crawler_dag.py took 0.020 seconds
[2025-11-27T20:25:30.593+0000] {processor.py:157} INFO - Started process (PID=181) to work on /opt/airflow/dags/crawler_dag.py
[2025-11-27T20:25:30.594+0000] {processor.py:829} INFO - Processing file /opt/airflow/dags/crawler_dag.py for tasks to queue
[2025-11-27T20:25:30.594+0000] {logging_mixin.py:151} INFO - [2025-11-27T20:25:30.594+0000] {dagbag.py:536} INFO - Filling up the DagBag from /opt/airflow/dags/crawler_dag.py
[2025-11-27T20:25:30.596+0000] {logging_mixin.py:151} INFO - [2025-11-27T20:25:30.596+0000] {dagbag.py:346} ERROR - Failed to import: /opt/airflow/dags/crawler_dag.py
Traceback (most recent call last):
  File "/home/airflow/.local/lib/python3.8/site-packages/airflow/models/dagbag.py", line 342, in parse
    loader.exec_module(new_module)
  File "<frozen importlib._bootstrap_external>", line 843, in exec_module
  File "<frozen importlib._bootstrap>", line 219, in _call_with_frames_removed
  File "/opt/airflow/dags/crawler_dag.py", line 10, in <module>
    from crawler import incremental_update_daily, incremental_update_intraday
ModuleNotFoundError: No module named 'crawler'
[2025-11-27T20:25:30.597+0000] {processor.py:841} WARNING - No viable dags retrieved from /opt/airflow/dags/crawler_dag.py
[2025-11-27T20:25:30.613+0000] {processor.py:179} INFO - Processing /opt/airflow/dags/crawler_dag.py took 0.022 seconds
[2025-11-27T20:26:00.692+0000] {processor.py:157} INFO - Started process (PID=186) to work on /opt/airflow/dags/crawler_dag.py
[2025-11-27T20:26:00.692+0000] {processor.py:829} INFO - Processing file /opt/airflow/dags/crawler_dag.py for tasks to queue
[2025-11-27T20:26:00.692+0000] {logging_mixin.py:151} INFO - [2025-11-27T20:26:00.692+0000] {dagbag.py:536} INFO - Filling up the DagBag from /opt/airflow/dags/crawler_dag.py
[2025-11-27T20:26:00.695+0000] {logging_mixin.py:151} INFO - [2025-11-27T20:26:00.694+0000] {dagbag.py:346} ERROR - Failed to import: /opt/airflow/dags/crawler_dag.py
Traceback (most recent call last):
  File "/home/airflow/.local/lib/python3.8/site-packages/airflow/models/dagbag.py", line 342, in parse
    loader.exec_module(new_module)
  File "<frozen importlib._bootstrap_external>", line 843, in exec_module
  File "<frozen importlib._bootstrap>", line 219, in _call_with_frames_removed
  File "/opt/airflow/dags/crawler_dag.py", line 10, in <module>
    from crawler import incremental_update_daily, incremental_update_intraday
ModuleNotFoundError: No module named 'crawler'
[2025-11-27T20:26:00.695+0000] {processor.py:841} WARNING - No viable dags retrieved from /opt/airflow/dags/crawler_dag.py
[2025-11-27T20:26:00.709+0000] {processor.py:179} INFO - Processing /opt/airflow/dags/crawler_dag.py took 0.019 seconds
[2025-11-27T20:26:30.794+0000] {processor.py:157} INFO - Started process (PID=191) to work on /opt/airflow/dags/crawler_dag.py
[2025-11-27T20:26:30.795+0000] {processor.py:829} INFO - Processing file /opt/airflow/dags/crawler_dag.py for tasks to queue
[2025-11-27T20:26:30.795+0000] {logging_mixin.py:151} INFO - [2025-11-27T20:26:30.795+0000] {dagbag.py:536} INFO - Filling up the DagBag from /opt/airflow/dags/crawler_dag.py
[2025-11-27T20:26:30.797+0000] {logging_mixin.py:151} INFO - [2025-11-27T20:26:30.797+0000] {dagbag.py:346} ERROR - Failed to import: /opt/airflow/dags/crawler_dag.py
Traceback (most recent call last):
  File "/home/airflow/.local/lib/python3.8/site-packages/airflow/models/dagbag.py", line 342, in parse
    loader.exec_module(new_module)
  File "<frozen importlib._bootstrap_external>", line 843, in exec_module
  File "<frozen importlib._bootstrap>", line 219, in _call_with_frames_removed
  File "/opt/airflow/dags/crawler_dag.py", line 10, in <module>
    from crawler import incremental_update_daily, incremental_update_intraday
ModuleNotFoundError: No module named 'crawler'
[2025-11-27T20:26:30.797+0000] {processor.py:841} WARNING - No viable dags retrieved from /opt/airflow/dags/crawler_dag.py
[2025-11-27T20:26:30.812+0000] {processor.py:179} INFO - Processing /opt/airflow/dags/crawler_dag.py took 0.020 seconds
[2025-11-27T20:27:00.893+0000] {processor.py:157} INFO - Started process (PID=196) to work on /opt/airflow/dags/crawler_dag.py
[2025-11-27T20:27:00.894+0000] {processor.py:829} INFO - Processing file /opt/airflow/dags/crawler_dag.py for tasks to queue
[2025-11-27T20:27:00.894+0000] {logging_mixin.py:151} INFO - [2025-11-27T20:27:00.894+0000] {dagbag.py:536} INFO - Filling up the DagBag from /opt/airflow/dags/crawler_dag.py
[2025-11-27T20:27:00.897+0000] {logging_mixin.py:151} INFO - [2025-11-27T20:27:00.896+0000] {dagbag.py:346} ERROR - Failed to import: /opt/airflow/dags/crawler_dag.py
Traceback (most recent call last):
  File "/home/airflow/.local/lib/python3.8/site-packages/airflow/models/dagbag.py", line 342, in parse
    loader.exec_module(new_module)
  File "<frozen importlib._bootstrap_external>", line 843, in exec_module
  File "<frozen importlib._bootstrap>", line 219, in _call_with_frames_removed
  File "/opt/airflow/dags/crawler_dag.py", line 10, in <module>
    from crawler import incremental_update_daily, incremental_update_intraday
ModuleNotFoundError: No module named 'crawler'
[2025-11-27T20:27:00.897+0000] {processor.py:841} WARNING - No viable dags retrieved from /opt/airflow/dags/crawler_dag.py
[2025-11-27T20:27:00.912+0000] {processor.py:179} INFO - Processing /opt/airflow/dags/crawler_dag.py took 0.020 seconds
[2025-11-27T20:27:30.989+0000] {processor.py:157} INFO - Started process (PID=201) to work on /opt/airflow/dags/crawler_dag.py
[2025-11-27T20:27:30.989+0000] {processor.py:829} INFO - Processing file /opt/airflow/dags/crawler_dag.py for tasks to queue
[2025-11-27T20:27:30.990+0000] {logging_mixin.py:151} INFO - [2025-11-27T20:27:30.989+0000] {dagbag.py:536} INFO - Filling up the DagBag from /opt/airflow/dags/crawler_dag.py
[2025-11-27T20:27:30.992+0000] {logging_mixin.py:151} INFO - [2025-11-27T20:27:30.991+0000] {dagbag.py:346} ERROR - Failed to import: /opt/airflow/dags/crawler_dag.py
Traceback (most recent call last):
  File "/home/airflow/.local/lib/python3.8/site-packages/airflow/models/dagbag.py", line 342, in parse
    loader.exec_module(new_module)
  File "<frozen importlib._bootstrap_external>", line 843, in exec_module
  File "<frozen importlib._bootstrap>", line 219, in _call_with_frames_removed
  File "/opt/airflow/dags/crawler_dag.py", line 10, in <module>
    from crawler import incremental_update_daily, incremental_update_intraday
ModuleNotFoundError: No module named 'crawler'
[2025-11-27T20:27:30.992+0000] {processor.py:841} WARNING - No viable dags retrieved from /opt/airflow/dags/crawler_dag.py
[2025-11-27T20:27:31.007+0000] {processor.py:179} INFO - Processing /opt/airflow/dags/crawler_dag.py took 0.020 seconds
[2025-11-27T20:28:01.087+0000] {processor.py:157} INFO - Started process (PID=206) to work on /opt/airflow/dags/crawler_dag.py
[2025-11-27T20:28:01.088+0000] {processor.py:829} INFO - Processing file /opt/airflow/dags/crawler_dag.py for tasks to queue
[2025-11-27T20:28:01.088+0000] {logging_mixin.py:151} INFO - [2025-11-27T20:28:01.088+0000] {dagbag.py:536} INFO - Filling up the DagBag from /opt/airflow/dags/crawler_dag.py
[2025-11-27T20:28:01.090+0000] {logging_mixin.py:151} INFO - [2025-11-27T20:28:01.090+0000] {dagbag.py:346} ERROR - Failed to import: /opt/airflow/dags/crawler_dag.py
Traceback (most recent call last):
  File "/home/airflow/.local/lib/python3.8/site-packages/airflow/models/dagbag.py", line 342, in parse
    loader.exec_module(new_module)
  File "<frozen importlib._bootstrap_external>", line 843, in exec_module
  File "<frozen importlib._bootstrap>", line 219, in _call_with_frames_removed
  File "/opt/airflow/dags/crawler_dag.py", line 10, in <module>
    from crawler import incremental_update_daily, incremental_update_intraday
ModuleNotFoundError: No module named 'crawler'
[2025-11-27T20:28:01.091+0000] {processor.py:841} WARNING - No viable dags retrieved from /opt/airflow/dags/crawler_dag.py
[2025-11-27T20:28:01.107+0000] {processor.py:179} INFO - Processing /opt/airflow/dags/crawler_dag.py took 0.021 seconds
[2025-11-27T20:28:31.186+0000] {processor.py:157} INFO - Started process (PID=211) to work on /opt/airflow/dags/crawler_dag.py
[2025-11-27T20:28:31.186+0000] {processor.py:829} INFO - Processing file /opt/airflow/dags/crawler_dag.py for tasks to queue
[2025-11-27T20:28:31.186+0000] {logging_mixin.py:151} INFO - [2025-11-27T20:28:31.186+0000] {dagbag.py:536} INFO - Filling up the DagBag from /opt/airflow/dags/crawler_dag.py
[2025-11-27T20:28:31.189+0000] {logging_mixin.py:151} INFO - [2025-11-27T20:28:31.188+0000] {dagbag.py:346} ERROR - Failed to import: /opt/airflow/dags/crawler_dag.py
Traceback (most recent call last):
  File "/home/airflow/.local/lib/python3.8/site-packages/airflow/models/dagbag.py", line 342, in parse
    loader.exec_module(new_module)
  File "<frozen importlib._bootstrap_external>", line 843, in exec_module
  File "<frozen importlib._bootstrap>", line 219, in _call_with_frames_removed
  File "/opt/airflow/dags/crawler_dag.py", line 10, in <module>
    from crawler import incremental_update_daily, incremental_update_intraday
ModuleNotFoundError: No module named 'crawler'
[2025-11-27T20:28:31.189+0000] {processor.py:841} WARNING - No viable dags retrieved from /opt/airflow/dags/crawler_dag.py
[2025-11-27T20:28:31.205+0000] {processor.py:179} INFO - Processing /opt/airflow/dags/crawler_dag.py took 0.021 seconds
[2025-11-27T20:30:03.106+0000] {processor.py:157} INFO - Started process (PID=171) to work on /opt/airflow/dags/crawler_dag.py
[2025-11-27T20:30:03.106+0000] {processor.py:829} INFO - Processing file /opt/airflow/dags/crawler_dag.py for tasks to queue
[2025-11-27T20:30:03.107+0000] {logging_mixin.py:151} INFO - [2025-11-27T20:30:03.106+0000] {dagbag.py:536} INFO - Filling up the DagBag from /opt/airflow/dags/crawler_dag.py
[2025-11-27T20:30:03.109+0000] {logging_mixin.py:151} INFO - [2025-11-27T20:30:03.108+0000] {dagbag.py:346} ERROR - Failed to import: /opt/airflow/dags/crawler_dag.py
Traceback (most recent call last):
  File "/home/airflow/.local/lib/python3.8/site-packages/airflow/models/dagbag.py", line 342, in parse
    loader.exec_module(new_module)
  File "<frozen importlib._bootstrap_external>", line 843, in exec_module
  File "<frozen importlib._bootstrap>", line 219, in _call_with_frames_removed
  File "/opt/airflow/dags/crawler_dag.py", line 10, in <module>
    from crawler import incremental_update_daily, incremental_update_intraday
ModuleNotFoundError: No module named 'crawler'
[2025-11-27T20:30:03.109+0000] {processor.py:841} WARNING - No viable dags retrieved from /opt/airflow/dags/crawler_dag.py
[2025-11-27T20:30:03.124+0000] {processor.py:179} INFO - Processing /opt/airflow/dags/crawler_dag.py took 0.021 seconds
[2025-11-27T20:30:48.931+0000] {processor.py:157} INFO - Started process (PID=171) to work on /opt/airflow/dags/crawler_dag.py
[2025-11-27T20:30:48.932+0000] {processor.py:829} INFO - Processing file /opt/airflow/dags/crawler_dag.py for tasks to queue
[2025-11-27T20:30:48.933+0000] {logging_mixin.py:151} INFO - [2025-11-27T20:30:48.932+0000] {dagbag.py:536} INFO - Filling up the DagBag from /opt/airflow/dags/crawler_dag.py
[2025-11-27T20:30:48.935+0000] {logging_mixin.py:151} INFO - [2025-11-27T20:30:48.934+0000] {dagbag.py:346} ERROR - Failed to import: /opt/airflow/dags/crawler_dag.py
Traceback (most recent call last):
  File "/home/airflow/.local/lib/python3.8/site-packages/airflow/models/dagbag.py", line 342, in parse
    loader.exec_module(new_module)
  File "<frozen importlib._bootstrap_external>", line 843, in exec_module
  File "<frozen importlib._bootstrap>", line 219, in _call_with_frames_removed
  File "/opt/airflow/dags/crawler_dag.py", line 10, in <module>
    from crawler import incremental_update_daily, incremental_update_intraday
ModuleNotFoundError: No module named 'crawler'
[2025-11-27T20:30:48.935+0000] {processor.py:841} WARNING - No viable dags retrieved from /opt/airflow/dags/crawler_dag.py
[2025-11-27T20:30:48.951+0000] {processor.py:179} INFO - Processing /opt/airflow/dags/crawler_dag.py took 0.022 seconds
[2025-11-27T20:31:19.038+0000] {processor.py:157} INFO - Started process (PID=176) to work on /opt/airflow/dags/crawler_dag.py
[2025-11-27T20:31:19.038+0000] {processor.py:829} INFO - Processing file /opt/airflow/dags/crawler_dag.py for tasks to queue
[2025-11-27T20:31:19.039+0000] {logging_mixin.py:151} INFO - [2025-11-27T20:31:19.039+0000] {dagbag.py:536} INFO - Filling up the DagBag from /opt/airflow/dags/crawler_dag.py
[2025-11-27T20:31:19.041+0000] {logging_mixin.py:151} INFO - [2025-11-27T20:31:19.040+0000] {dagbag.py:346} ERROR - Failed to import: /opt/airflow/dags/crawler_dag.py
Traceback (most recent call last):
  File "/home/airflow/.local/lib/python3.8/site-packages/airflow/models/dagbag.py", line 342, in parse
    loader.exec_module(new_module)
  File "<frozen importlib._bootstrap_external>", line 843, in exec_module
  File "<frozen importlib._bootstrap>", line 219, in _call_with_frames_removed
  File "/opt/airflow/dags/crawler_dag.py", line 10, in <module>
    from crawler import incremental_update_daily, incremental_update_intraday
ModuleNotFoundError: No module named 'crawler'
[2025-11-27T20:31:19.041+0000] {processor.py:841} WARNING - No viable dags retrieved from /opt/airflow/dags/crawler_dag.py
[2025-11-27T20:31:19.062+0000] {processor.py:179} INFO - Processing /opt/airflow/dags/crawler_dag.py took 0.025 seconds
[2025-11-27T20:31:49.139+0000] {processor.py:157} INFO - Started process (PID=181) to work on /opt/airflow/dags/crawler_dag.py
[2025-11-27T20:31:49.150+0000] {processor.py:829} INFO - Processing file /opt/airflow/dags/crawler_dag.py for tasks to queue
[2025-11-27T20:31:49.151+0000] {logging_mixin.py:151} INFO - [2025-11-27T20:31:49.150+0000] {dagbag.py:536} INFO - Filling up the DagBag from /opt/airflow/dags/crawler_dag.py
[2025-11-27T20:31:49.153+0000] {logging_mixin.py:151} INFO - [2025-11-27T20:31:49.152+0000] {dagbag.py:346} ERROR - Failed to import: /opt/airflow/dags/crawler_dag.py
Traceback (most recent call last):
  File "/home/airflow/.local/lib/python3.8/site-packages/airflow/models/dagbag.py", line 342, in parse
    loader.exec_module(new_module)
  File "<frozen importlib._bootstrap_external>", line 843, in exec_module
  File "<frozen importlib._bootstrap>", line 219, in _call_with_frames_removed
  File "/opt/airflow/dags/crawler_dag.py", line 10, in <module>
    from crawler import incremental_update_daily, incremental_update_intraday
ModuleNotFoundError: No module named 'crawler'
[2025-11-27T20:31:49.153+0000] {processor.py:841} WARNING - No viable dags retrieved from /opt/airflow/dags/crawler_dag.py
[2025-11-27T20:31:49.172+0000] {processor.py:179} INFO - Processing /opt/airflow/dags/crawler_dag.py took 0.034 seconds
[2025-11-27T20:32:19.234+0000] {processor.py:157} INFO - Started process (PID=186) to work on /opt/airflow/dags/crawler_dag.py
[2025-11-27T20:32:19.234+0000] {processor.py:829} INFO - Processing file /opt/airflow/dags/crawler_dag.py for tasks to queue
[2025-11-27T20:32:19.234+0000] {logging_mixin.py:151} INFO - [2025-11-27T20:32:19.234+0000] {dagbag.py:536} INFO - Filling up the DagBag from /opt/airflow/dags/crawler_dag.py
[2025-11-27T20:32:19.236+0000] {logging_mixin.py:151} INFO - [2025-11-27T20:32:19.236+0000] {dagbag.py:346} ERROR - Failed to import: /opt/airflow/dags/crawler_dag.py
Traceback (most recent call last):
  File "/home/airflow/.local/lib/python3.8/site-packages/airflow/models/dagbag.py", line 342, in parse
    loader.exec_module(new_module)
  File "<frozen importlib._bootstrap_external>", line 843, in exec_module
  File "<frozen importlib._bootstrap>", line 219, in _call_with_frames_removed
  File "/opt/airflow/dags/crawler_dag.py", line 10, in <module>
    from crawler import incremental_update_daily, incremental_update_intraday
ModuleNotFoundError: No module named 'crawler'
[2025-11-27T20:32:19.237+0000] {processor.py:841} WARNING - No viable dags retrieved from /opt/airflow/dags/crawler_dag.py
[2025-11-27T20:32:19.254+0000] {processor.py:179} INFO - Processing /opt/airflow/dags/crawler_dag.py took 0.022 seconds
[2025-11-27T20:32:49.350+0000] {processor.py:157} INFO - Started process (PID=191) to work on /opt/airflow/dags/crawler_dag.py
[2025-11-27T20:32:49.360+0000] {processor.py:829} INFO - Processing file /opt/airflow/dags/crawler_dag.py for tasks to queue
[2025-11-27T20:32:49.361+0000] {logging_mixin.py:151} INFO - [2025-11-27T20:32:49.361+0000] {dagbag.py:536} INFO - Filling up the DagBag from /opt/airflow/dags/crawler_dag.py
[2025-11-27T20:32:49.363+0000] {logging_mixin.py:151} INFO - [2025-11-27T20:32:49.362+0000] {dagbag.py:346} ERROR - Failed to import: /opt/airflow/dags/crawler_dag.py
Traceback (most recent call last):
  File "/home/airflow/.local/lib/python3.8/site-packages/airflow/models/dagbag.py", line 342, in parse
    loader.exec_module(new_module)
  File "<frozen importlib._bootstrap_external>", line 843, in exec_module
  File "<frozen importlib._bootstrap>", line 219, in _call_with_frames_removed
  File "/opt/airflow/dags/crawler_dag.py", line 10, in <module>
    from crawler import incremental_update_daily, incremental_update_intraday
ModuleNotFoundError: No module named 'crawler'
[2025-11-27T20:32:49.363+0000] {processor.py:841} WARNING - No viable dags retrieved from /opt/airflow/dags/crawler_dag.py
[2025-11-27T20:32:49.380+0000] {processor.py:179} INFO - Processing /opt/airflow/dags/crawler_dag.py took 0.032 seconds
[2025-11-27T20:33:38.427+0000] {processor.py:157} INFO - Started process (PID=171) to work on /opt/airflow/dags/crawler_dag.py
[2025-11-27T20:33:38.428+0000] {processor.py:829} INFO - Processing file /opt/airflow/dags/crawler_dag.py for tasks to queue
[2025-11-27T20:33:38.428+0000] {logging_mixin.py:151} INFO - [2025-11-27T20:33:38.428+0000] {dagbag.py:536} INFO - Filling up the DagBag from /opt/airflow/dags/crawler_dag.py
[2025-11-27T20:33:38.430+0000] {logging_mixin.py:151} INFO - [2025-11-27T20:33:38.430+0000] {dagbag.py:346} ERROR - Failed to import: /opt/airflow/dags/crawler_dag.py
Traceback (most recent call last):
  File "/home/airflow/.local/lib/python3.8/site-packages/airflow/models/dagbag.py", line 342, in parse
    loader.exec_module(new_module)
  File "<frozen importlib._bootstrap_external>", line 843, in exec_module
  File "<frozen importlib._bootstrap>", line 219, in _call_with_frames_removed
  File "/opt/airflow/dags/crawler_dag.py", line 10, in <module>
    from crawler import incremental_update_daily, incremental_update_intraday
ModuleNotFoundError: No module named 'crawler'
[2025-11-27T20:33:38.431+0000] {processor.py:841} WARNING - No viable dags retrieved from /opt/airflow/dags/crawler_dag.py
[2025-11-27T20:33:38.447+0000] {processor.py:179} INFO - Processing /opt/airflow/dags/crawler_dag.py took 0.021 seconds
[2025-11-27T20:34:08.534+0000] {processor.py:157} INFO - Started process (PID=176) to work on /opt/airflow/dags/crawler_dag.py
[2025-11-27T20:34:08.534+0000] {processor.py:829} INFO - Processing file /opt/airflow/dags/crawler_dag.py for tasks to queue
[2025-11-27T20:34:08.534+0000] {logging_mixin.py:151} INFO - [2025-11-27T20:34:08.534+0000] {dagbag.py:536} INFO - Filling up the DagBag from /opt/airflow/dags/crawler_dag.py
[2025-11-27T20:34:08.537+0000] {logging_mixin.py:151} INFO - [2025-11-27T20:34:08.536+0000] {dagbag.py:346} ERROR - Failed to import: /opt/airflow/dags/crawler_dag.py
Traceback (most recent call last):
  File "/home/airflow/.local/lib/python3.8/site-packages/airflow/models/dagbag.py", line 342, in parse
    loader.exec_module(new_module)
  File "<frozen importlib._bootstrap_external>", line 843, in exec_module
  File "<frozen importlib._bootstrap>", line 219, in _call_with_frames_removed
  File "/opt/airflow/dags/crawler_dag.py", line 10, in <module>
    from crawler import incremental_update_daily, incremental_update_intraday
ModuleNotFoundError: No module named 'crawler'
[2025-11-27T20:34:08.537+0000] {processor.py:841} WARNING - No viable dags retrieved from /opt/airflow/dags/crawler_dag.py
[2025-11-27T20:34:08.553+0000] {processor.py:179} INFO - Processing /opt/airflow/dags/crawler_dag.py took 0.022 seconds
[2025-11-27T20:34:38.633+0000] {processor.py:157} INFO - Started process (PID=181) to work on /opt/airflow/dags/crawler_dag.py
[2025-11-27T20:34:38.633+0000] {processor.py:829} INFO - Processing file /opt/airflow/dags/crawler_dag.py for tasks to queue
[2025-11-27T20:34:38.633+0000] {logging_mixin.py:151} INFO - [2025-11-27T20:34:38.633+0000] {dagbag.py:536} INFO - Filling up the DagBag from /opt/airflow/dags/crawler_dag.py
[2025-11-27T20:34:38.635+0000] {logging_mixin.py:151} INFO - [2025-11-27T20:34:38.635+0000] {dagbag.py:346} ERROR - Failed to import: /opt/airflow/dags/crawler_dag.py
Traceback (most recent call last):
  File "/home/airflow/.local/lib/python3.8/site-packages/airflow/models/dagbag.py", line 342, in parse
    loader.exec_module(new_module)
  File "<frozen importlib._bootstrap_external>", line 843, in exec_module
  File "<frozen importlib._bootstrap>", line 219, in _call_with_frames_removed
  File "/opt/airflow/dags/crawler_dag.py", line 10, in <module>
    from crawler import incremental_update_daily, incremental_update_intraday
ModuleNotFoundError: No module named 'crawler'
[2025-11-27T20:34:38.636+0000] {processor.py:841} WARNING - No viable dags retrieved from /opt/airflow/dags/crawler_dag.py
[2025-11-27T20:34:38.651+0000] {processor.py:179} INFO - Processing /opt/airflow/dags/crawler_dag.py took 0.020 seconds
[2025-11-27T20:35:08.727+0000] {processor.py:157} INFO - Started process (PID=186) to work on /opt/airflow/dags/crawler_dag.py
[2025-11-27T20:35:08.728+0000] {processor.py:829} INFO - Processing file /opt/airflow/dags/crawler_dag.py for tasks to queue
[2025-11-27T20:35:08.728+0000] {logging_mixin.py:151} INFO - [2025-11-27T20:35:08.728+0000] {dagbag.py:536} INFO - Filling up the DagBag from /opt/airflow/dags/crawler_dag.py
[2025-11-27T20:35:08.730+0000] {logging_mixin.py:151} INFO - [2025-11-27T20:35:08.730+0000] {dagbag.py:346} ERROR - Failed to import: /opt/airflow/dags/crawler_dag.py
Traceback (most recent call last):
  File "/home/airflow/.local/lib/python3.8/site-packages/airflow/models/dagbag.py", line 342, in parse
    loader.exec_module(new_module)
  File "<frozen importlib._bootstrap_external>", line 843, in exec_module
  File "<frozen importlib._bootstrap>", line 219, in _call_with_frames_removed
  File "/opt/airflow/dags/crawler_dag.py", line 10, in <module>
    from crawler import incremental_update_daily, incremental_update_intraday
ModuleNotFoundError: No module named 'crawler'
[2025-11-27T20:35:08.731+0000] {processor.py:841} WARNING - No viable dags retrieved from /opt/airflow/dags/crawler_dag.py
[2025-11-27T20:35:08.745+0000] {processor.py:179} INFO - Processing /opt/airflow/dags/crawler_dag.py took 0.020 seconds
[2025-11-27T20:35:38.828+0000] {processor.py:157} INFO - Started process (PID=191) to work on /opt/airflow/dags/crawler_dag.py
[2025-11-27T20:35:38.829+0000] {processor.py:829} INFO - Processing file /opt/airflow/dags/crawler_dag.py for tasks to queue
[2025-11-27T20:35:38.829+0000] {logging_mixin.py:151} INFO - [2025-11-27T20:35:38.829+0000] {dagbag.py:536} INFO - Filling up the DagBag from /opt/airflow/dags/crawler_dag.py
[2025-11-27T20:35:38.832+0000] {logging_mixin.py:151} INFO - [2025-11-27T20:35:38.831+0000] {dagbag.py:346} ERROR - Failed to import: /opt/airflow/dags/crawler_dag.py
Traceback (most recent call last):
  File "/home/airflow/.local/lib/python3.8/site-packages/airflow/models/dagbag.py", line 342, in parse
    loader.exec_module(new_module)
  File "<frozen importlib._bootstrap_external>", line 843, in exec_module
  File "<frozen importlib._bootstrap>", line 219, in _call_with_frames_removed
  File "/opt/airflow/dags/crawler_dag.py", line 10, in <module>
    from crawler import incremental_update_daily, incremental_update_intraday
ModuleNotFoundError: No module named 'crawler'
[2025-11-27T20:35:38.832+0000] {processor.py:841} WARNING - No viable dags retrieved from /opt/airflow/dags/crawler_dag.py
[2025-11-27T20:35:38.849+0000] {processor.py:179} INFO - Processing /opt/airflow/dags/crawler_dag.py took 0.022 seconds
[2025-11-27T20:36:08.924+0000] {processor.py:157} INFO - Started process (PID=196) to work on /opt/airflow/dags/crawler_dag.py
[2025-11-27T20:36:08.924+0000] {processor.py:829} INFO - Processing file /opt/airflow/dags/crawler_dag.py for tasks to queue
[2025-11-27T20:36:08.925+0000] {logging_mixin.py:151} INFO - [2025-11-27T20:36:08.924+0000] {dagbag.py:536} INFO - Filling up the DagBag from /opt/airflow/dags/crawler_dag.py
[2025-11-27T20:36:08.927+0000] {logging_mixin.py:151} INFO - [2025-11-27T20:36:08.926+0000] {dagbag.py:346} ERROR - Failed to import: /opt/airflow/dags/crawler_dag.py
Traceback (most recent call last):
  File "/home/airflow/.local/lib/python3.8/site-packages/airflow/models/dagbag.py", line 342, in parse
    loader.exec_module(new_module)
  File "<frozen importlib._bootstrap_external>", line 843, in exec_module
  File "<frozen importlib._bootstrap>", line 219, in _call_with_frames_removed
  File "/opt/airflow/dags/crawler_dag.py", line 10, in <module>
    from crawler import incremental_update_daily, incremental_update_intraday
ModuleNotFoundError: No module named 'crawler'
[2025-11-27T20:36:08.927+0000] {processor.py:841} WARNING - No viable dags retrieved from /opt/airflow/dags/crawler_dag.py
[2025-11-27T20:36:08.942+0000] {processor.py:179} INFO - Processing /opt/airflow/dags/crawler_dag.py took 0.020 seconds
[2025-11-27T20:36:39.023+0000] {processor.py:157} INFO - Started process (PID=201) to work on /opt/airflow/dags/crawler_dag.py
[2025-11-27T20:36:39.023+0000] {processor.py:829} INFO - Processing file /opt/airflow/dags/crawler_dag.py for tasks to queue
[2025-11-27T20:36:39.024+0000] {logging_mixin.py:151} INFO - [2025-11-27T20:36:39.024+0000] {dagbag.py:536} INFO - Filling up the DagBag from /opt/airflow/dags/crawler_dag.py
[2025-11-27T20:36:39.026+0000] {logging_mixin.py:151} INFO - [2025-11-27T20:36:39.025+0000] {dagbag.py:346} ERROR - Failed to import: /opt/airflow/dags/crawler_dag.py
Traceback (most recent call last):
  File "/home/airflow/.local/lib/python3.8/site-packages/airflow/models/dagbag.py", line 342, in parse
    loader.exec_module(new_module)
  File "<frozen importlib._bootstrap_external>", line 843, in exec_module
  File "<frozen importlib._bootstrap>", line 219, in _call_with_frames_removed
  File "/opt/airflow/dags/crawler_dag.py", line 10, in <module>
    from crawler import incremental_update_daily, incremental_update_intraday
ModuleNotFoundError: No module named 'crawler'
[2025-11-27T20:36:39.026+0000] {processor.py:841} WARNING - No viable dags retrieved from /opt/airflow/dags/crawler_dag.py
[2025-11-27T20:36:39.042+0000] {processor.py:179} INFO - Processing /opt/airflow/dags/crawler_dag.py took 0.021 seconds
[2025-11-27T20:37:09.128+0000] {processor.py:157} INFO - Started process (PID=206) to work on /opt/airflow/dags/crawler_dag.py
[2025-11-27T20:37:09.128+0000] {processor.py:829} INFO - Processing file /opt/airflow/dags/crawler_dag.py for tasks to queue
[2025-11-27T20:37:09.129+0000] {logging_mixin.py:151} INFO - [2025-11-27T20:37:09.129+0000] {dagbag.py:536} INFO - Filling up the DagBag from /opt/airflow/dags/crawler_dag.py
[2025-11-27T20:37:09.131+0000] {logging_mixin.py:151} INFO - [2025-11-27T20:37:09.130+0000] {dagbag.py:346} ERROR - Failed to import: /opt/airflow/dags/crawler_dag.py
Traceback (most recent call last):
  File "/home/airflow/.local/lib/python3.8/site-packages/airflow/models/dagbag.py", line 342, in parse
    loader.exec_module(new_module)
  File "<frozen importlib._bootstrap_external>", line 843, in exec_module
  File "<frozen importlib._bootstrap>", line 219, in _call_with_frames_removed
  File "/opt/airflow/dags/crawler_dag.py", line 10, in <module>
    from crawler import incremental_update_daily, incremental_update_intraday
ModuleNotFoundError: No module named 'crawler'
[2025-11-27T20:37:09.131+0000] {processor.py:841} WARNING - No viable dags retrieved from /opt/airflow/dags/crawler_dag.py
[2025-11-27T20:37:09.147+0000] {processor.py:179} INFO - Processing /opt/airflow/dags/crawler_dag.py took 0.021 seconds
[2025-11-27T20:37:39.223+0000] {processor.py:157} INFO - Started process (PID=211) to work on /opt/airflow/dags/crawler_dag.py
[2025-11-27T20:37:39.234+0000] {processor.py:829} INFO - Processing file /opt/airflow/dags/crawler_dag.py for tasks to queue
[2025-11-27T20:37:39.236+0000] {logging_mixin.py:151} INFO - [2025-11-27T20:37:39.235+0000] {dagbag.py:536} INFO - Filling up the DagBag from /opt/airflow/dags/crawler_dag.py
[2025-11-27T20:37:39.238+0000] {logging_mixin.py:151} INFO - [2025-11-27T20:37:39.238+0000] {dagbag.py:346} ERROR - Failed to import: /opt/airflow/dags/crawler_dag.py
Traceback (most recent call last):
  File "/home/airflow/.local/lib/python3.8/site-packages/airflow/models/dagbag.py", line 342, in parse
    loader.exec_module(new_module)
  File "<frozen importlib._bootstrap_external>", line 843, in exec_module
  File "<frozen importlib._bootstrap>", line 219, in _call_with_frames_removed
  File "/opt/airflow/dags/crawler_dag.py", line 10, in <module>
    from crawler import incremental_update_daily, incremental_update_intraday
ModuleNotFoundError: No module named 'crawler'
[2025-11-27T20:37:39.238+0000] {processor.py:841} WARNING - No viable dags retrieved from /opt/airflow/dags/crawler_dag.py
[2025-11-27T20:37:39.254+0000] {processor.py:179} INFO - Processing /opt/airflow/dags/crawler_dag.py took 0.032 seconds
[2025-11-27T20:38:09.323+0000] {processor.py:157} INFO - Started process (PID=216) to work on /opt/airflow/dags/crawler_dag.py
[2025-11-27T20:38:09.324+0000] {processor.py:829} INFO - Processing file /opt/airflow/dags/crawler_dag.py for tasks to queue
[2025-11-27T20:38:09.324+0000] {logging_mixin.py:151} INFO - [2025-11-27T20:38:09.324+0000] {dagbag.py:536} INFO - Filling up the DagBag from /opt/airflow/dags/crawler_dag.py
[2025-11-27T20:38:09.327+0000] {logging_mixin.py:151} INFO - [2025-11-27T20:38:09.326+0000] {dagbag.py:346} ERROR - Failed to import: /opt/airflow/dags/crawler_dag.py
Traceback (most recent call last):
  File "/home/airflow/.local/lib/python3.8/site-packages/airflow/models/dagbag.py", line 342, in parse
    loader.exec_module(new_module)
  File "<frozen importlib._bootstrap_external>", line 843, in exec_module
  File "<frozen importlib._bootstrap>", line 219, in _call_with_frames_removed
  File "/opt/airflow/dags/crawler_dag.py", line 10, in <module>
    from crawler import incremental_update_daily, incremental_update_intraday
ModuleNotFoundError: No module named 'crawler'
[2025-11-27T20:38:09.327+0000] {processor.py:841} WARNING - No viable dags retrieved from /opt/airflow/dags/crawler_dag.py
[2025-11-27T20:38:09.345+0000] {processor.py:179} INFO - Processing /opt/airflow/dags/crawler_dag.py took 0.024 seconds
[2025-11-27T20:38:39.431+0000] {processor.py:157} INFO - Started process (PID=221) to work on /opt/airflow/dags/crawler_dag.py
[2025-11-27T20:38:39.442+0000] {processor.py:829} INFO - Processing file /opt/airflow/dags/crawler_dag.py for tasks to queue
[2025-11-27T20:38:39.442+0000] {logging_mixin.py:151} INFO - [2025-11-27T20:38:39.442+0000] {dagbag.py:536} INFO - Filling up the DagBag from /opt/airflow/dags/crawler_dag.py
[2025-11-27T20:38:39.445+0000] {logging_mixin.py:151} INFO - [2025-11-27T20:38:39.444+0000] {dagbag.py:346} ERROR - Failed to import: /opt/airflow/dags/crawler_dag.py
Traceback (most recent call last):
  File "/home/airflow/.local/lib/python3.8/site-packages/airflow/models/dagbag.py", line 342, in parse
    loader.exec_module(new_module)
  File "<frozen importlib._bootstrap_external>", line 843, in exec_module
  File "<frozen importlib._bootstrap>", line 219, in _call_with_frames_removed
  File "/opt/airflow/dags/crawler_dag.py", line 10, in <module>
    from crawler import incremental_update_daily, incremental_update_intraday
ModuleNotFoundError: No module named 'crawler'
[2025-11-27T20:38:39.445+0000] {processor.py:841} WARNING - No viable dags retrieved from /opt/airflow/dags/crawler_dag.py
[2025-11-27T20:38:39.459+0000] {processor.py:179} INFO - Processing /opt/airflow/dags/crawler_dag.py took 0.030 seconds
[2025-11-27T20:39:08.711+0000] {processor.py:157} INFO - Started process (PID=171) to work on /opt/airflow/dags/crawler_dag.py
[2025-11-27T20:39:08.712+0000] {processor.py:829} INFO - Processing file /opt/airflow/dags/crawler_dag.py for tasks to queue
[2025-11-27T20:39:08.712+0000] {logging_mixin.py:151} INFO - [2025-11-27T20:39:08.712+0000] {dagbag.py:536} INFO - Filling up the DagBag from /opt/airflow/dags/crawler_dag.py
[2025-11-27T20:39:08.714+0000] {logging_mixin.py:151} INFO - [2025-11-27T20:39:08.713+0000] {dagbag.py:346} ERROR - Failed to import: /opt/airflow/dags/crawler_dag.py
Traceback (most recent call last):
  File "/home/airflow/.local/lib/python3.8/site-packages/airflow/models/dagbag.py", line 342, in parse
    loader.exec_module(new_module)
  File "<frozen importlib._bootstrap_external>", line 843, in exec_module
  File "<frozen importlib._bootstrap>", line 219, in _call_with_frames_removed
  File "/opt/airflow/dags/crawler_dag.py", line 10, in <module>
    from crawler import incremental_update_daily, incremental_update_intraday
ModuleNotFoundError: No module named 'crawler'
[2025-11-27T20:39:08.714+0000] {processor.py:841} WARNING - No viable dags retrieved from /opt/airflow/dags/crawler_dag.py
[2025-11-27T20:39:08.731+0000] {processor.py:179} INFO - Processing /opt/airflow/dags/crawler_dag.py took 0.022 seconds
[2025-11-27T20:39:38.821+0000] {processor.py:157} INFO - Started process (PID=176) to work on /opt/airflow/dags/crawler_dag.py
[2025-11-27T20:39:38.821+0000] {processor.py:829} INFO - Processing file /opt/airflow/dags/crawler_dag.py for tasks to queue
[2025-11-27T20:39:38.822+0000] {logging_mixin.py:151} INFO - [2025-11-27T20:39:38.821+0000] {dagbag.py:536} INFO - Filling up the DagBag from /opt/airflow/dags/crawler_dag.py
[2025-11-27T20:39:38.823+0000] {logging_mixin.py:151} INFO - [2025-11-27T20:39:38.823+0000] {dagbag.py:346} ERROR - Failed to import: /opt/airflow/dags/crawler_dag.py
Traceback (most recent call last):
  File "/home/airflow/.local/lib/python3.8/site-packages/airflow/models/dagbag.py", line 342, in parse
    loader.exec_module(new_module)
  File "<frozen importlib._bootstrap_external>", line 843, in exec_module
  File "<frozen importlib._bootstrap>", line 219, in _call_with_frames_removed
  File "/opt/airflow/dags/crawler_dag.py", line 10, in <module>
    from crawler import incremental_update_daily, incremental_update_intraday
ModuleNotFoundError: No module named 'crawler'
[2025-11-27T20:39:38.824+0000] {processor.py:841} WARNING - No viable dags retrieved from /opt/airflow/dags/crawler_dag.py
[2025-11-27T20:39:38.838+0000] {processor.py:179} INFO - Processing /opt/airflow/dags/crawler_dag.py took 0.019 seconds
[2025-11-27T20:40:13.062+0000] {processor.py:157} INFO - Started process (PID=170) to work on /opt/airflow/dags/crawler_dag.py
[2025-11-27T20:40:13.063+0000] {processor.py:829} INFO - Processing file /opt/airflow/dags/crawler_dag.py for tasks to queue
[2025-11-27T20:40:13.064+0000] {logging_mixin.py:151} INFO - [2025-11-27T20:40:13.064+0000] {dagbag.py:536} INFO - Filling up the DagBag from /opt/airflow/dags/crawler_dag.py
[2025-11-27T20:40:13.068+0000] {logging_mixin.py:151} INFO - [2025-11-27T20:40:13.067+0000] {dagbag.py:346} ERROR - Failed to import: /opt/airflow/dags/crawler_dag.py
Traceback (most recent call last):
  File "/home/airflow/.local/lib/python3.8/site-packages/airflow/models/dagbag.py", line 342, in parse
    loader.exec_module(new_module)
  File "<frozen importlib._bootstrap_external>", line 843, in exec_module
  File "<frozen importlib._bootstrap>", line 219, in _call_with_frames_removed
  File "/opt/airflow/dags/crawler_dag.py", line 10, in <module>
    from crawler import incremental_update_daily, incremental_update_intraday
ModuleNotFoundError: No module named 'crawler'
[2025-11-27T20:40:13.069+0000] {processor.py:841} WARNING - No viable dags retrieved from /opt/airflow/dags/crawler_dag.py
[2025-11-27T20:40:13.083+0000] {processor.py:179} INFO - Processing /opt/airflow/dags/crawler_dag.py took 0.023 seconds
[2025-11-27T20:40:43.173+0000] {processor.py:157} INFO - Started process (PID=176) to work on /opt/airflow/dags/crawler_dag.py
[2025-11-27T20:40:43.174+0000] {processor.py:829} INFO - Processing file /opt/airflow/dags/crawler_dag.py for tasks to queue
[2025-11-27T20:40:43.174+0000] {logging_mixin.py:151} INFO - [2025-11-27T20:40:43.174+0000] {dagbag.py:536} INFO - Filling up the DagBag from /opt/airflow/dags/crawler_dag.py
[2025-11-27T20:40:43.176+0000] {logging_mixin.py:151} INFO - [2025-11-27T20:40:43.176+0000] {dagbag.py:346} ERROR - Failed to import: /opt/airflow/dags/crawler_dag.py
Traceback (most recent call last):
  File "/home/airflow/.local/lib/python3.8/site-packages/airflow/models/dagbag.py", line 342, in parse
    loader.exec_module(new_module)
  File "<frozen importlib._bootstrap_external>", line 843, in exec_module
  File "<frozen importlib._bootstrap>", line 219, in _call_with_frames_removed
  File "/opt/airflow/dags/crawler_dag.py", line 10, in <module>
    from crawler import incremental_update_daily, incremental_update_intraday
ModuleNotFoundError: No module named 'crawler'
[2025-11-27T20:40:43.177+0000] {processor.py:841} WARNING - No viable dags retrieved from /opt/airflow/dags/crawler_dag.py
[2025-11-27T20:40:43.193+0000] {processor.py:179} INFO - Processing /opt/airflow/dags/crawler_dag.py took 0.022 seconds
[2025-11-27T20:41:13.273+0000] {processor.py:157} INFO - Started process (PID=181) to work on /opt/airflow/dags/crawler_dag.py
[2025-11-27T20:41:13.274+0000] {processor.py:829} INFO - Processing file /opt/airflow/dags/crawler_dag.py for tasks to queue
[2025-11-27T20:41:13.274+0000] {logging_mixin.py:151} INFO - [2025-11-27T20:41:13.274+0000] {dagbag.py:536} INFO - Filling up the DagBag from /opt/airflow/dags/crawler_dag.py
[2025-11-27T20:41:13.276+0000] {logging_mixin.py:151} INFO - [2025-11-27T20:41:13.276+0000] {dagbag.py:346} ERROR - Failed to import: /opt/airflow/dags/crawler_dag.py
Traceback (most recent call last):
  File "/home/airflow/.local/lib/python3.8/site-packages/airflow/models/dagbag.py", line 342, in parse
    loader.exec_module(new_module)
  File "<frozen importlib._bootstrap_external>", line 843, in exec_module
  File "<frozen importlib._bootstrap>", line 219, in _call_with_frames_removed
  File "/opt/airflow/dags/crawler_dag.py", line 10, in <module>
    from crawler import incremental_update_daily, incremental_update_intraday
ModuleNotFoundError: No module named 'crawler'
[2025-11-27T20:41:13.276+0000] {processor.py:841} WARNING - No viable dags retrieved from /opt/airflow/dags/crawler_dag.py
[2025-11-27T20:41:13.291+0000] {processor.py:179} INFO - Processing /opt/airflow/dags/crawler_dag.py took 0.019 seconds
[2025-11-27T20:41:43.372+0000] {processor.py:157} INFO - Started process (PID=186) to work on /opt/airflow/dags/crawler_dag.py
[2025-11-27T20:41:43.373+0000] {processor.py:829} INFO - Processing file /opt/airflow/dags/crawler_dag.py for tasks to queue
[2025-11-27T20:41:43.373+0000] {logging_mixin.py:151} INFO - [2025-11-27T20:41:43.373+0000] {dagbag.py:536} INFO - Filling up the DagBag from /opt/airflow/dags/crawler_dag.py
[2025-11-27T20:41:43.376+0000] {logging_mixin.py:151} INFO - [2025-11-27T20:41:43.375+0000] {dagbag.py:346} ERROR - Failed to import: /opt/airflow/dags/crawler_dag.py
Traceback (most recent call last):
  File "/home/airflow/.local/lib/python3.8/site-packages/airflow/models/dagbag.py", line 342, in parse
    loader.exec_module(new_module)
  File "<frozen importlib._bootstrap_external>", line 843, in exec_module
  File "<frozen importlib._bootstrap>", line 219, in _call_with_frames_removed
  File "/opt/airflow/dags/crawler_dag.py", line 10, in <module>
    from crawler import incremental_update_daily, incremental_update_intraday
ModuleNotFoundError: No module named 'crawler'
[2025-11-27T20:41:43.376+0000] {processor.py:841} WARNING - No viable dags retrieved from /opt/airflow/dags/crawler_dag.py
[2025-11-27T20:41:43.391+0000] {processor.py:179} INFO - Processing /opt/airflow/dags/crawler_dag.py took 0.021 seconds
[2025-11-27T20:42:13.474+0000] {processor.py:157} INFO - Started process (PID=191) to work on /opt/airflow/dags/crawler_dag.py
[2025-11-27T20:42:13.475+0000] {processor.py:829} INFO - Processing file /opt/airflow/dags/crawler_dag.py for tasks to queue
[2025-11-27T20:42:13.475+0000] {logging_mixin.py:151} INFO - [2025-11-27T20:42:13.475+0000] {dagbag.py:536} INFO - Filling up the DagBag from /opt/airflow/dags/crawler_dag.py
[2025-11-27T20:42:13.478+0000] {logging_mixin.py:151} INFO - [2025-11-27T20:42:13.478+0000] {dagbag.py:346} ERROR - Failed to import: /opt/airflow/dags/crawler_dag.py
Traceback (most recent call last):
  File "/home/airflow/.local/lib/python3.8/site-packages/airflow/models/dagbag.py", line 342, in parse
    loader.exec_module(new_module)
  File "<frozen importlib._bootstrap_external>", line 843, in exec_module
  File "<frozen importlib._bootstrap>", line 219, in _call_with_frames_removed
  File "/opt/airflow/dags/crawler_dag.py", line 10, in <module>
    from crawler import incremental_update_daily, incremental_update_intraday
ModuleNotFoundError: No module named 'crawler'
[2025-11-27T20:42:13.479+0000] {processor.py:841} WARNING - No viable dags retrieved from /opt/airflow/dags/crawler_dag.py
[2025-11-27T20:42:13.496+0000] {processor.py:179} INFO - Processing /opt/airflow/dags/crawler_dag.py took 0.023 seconds
[2025-11-27T20:42:43.577+0000] {processor.py:157} INFO - Started process (PID=196) to work on /opt/airflow/dags/crawler_dag.py
[2025-11-27T20:42:43.577+0000] {processor.py:829} INFO - Processing file /opt/airflow/dags/crawler_dag.py for tasks to queue
[2025-11-27T20:42:43.578+0000] {logging_mixin.py:151} INFO - [2025-11-27T20:42:43.578+0000] {dagbag.py:536} INFO - Filling up the DagBag from /opt/airflow/dags/crawler_dag.py
[2025-11-27T20:42:43.580+0000] {logging_mixin.py:151} INFO - [2025-11-27T20:42:43.580+0000] {dagbag.py:346} ERROR - Failed to import: /opt/airflow/dags/crawler_dag.py
Traceback (most recent call last):
  File "/home/airflow/.local/lib/python3.8/site-packages/airflow/models/dagbag.py", line 342, in parse
    loader.exec_module(new_module)
  File "<frozen importlib._bootstrap_external>", line 843, in exec_module
  File "<frozen importlib._bootstrap>", line 219, in _call_with_frames_removed
  File "/opt/airflow/dags/crawler_dag.py", line 10, in <module>
    from crawler import incremental_update_daily, incremental_update_intraday
ModuleNotFoundError: No module named 'crawler'
[2025-11-27T20:42:43.580+0000] {processor.py:841} WARNING - No viable dags retrieved from /opt/airflow/dags/crawler_dag.py
[2025-11-27T20:42:43.598+0000] {processor.py:179} INFO - Processing /opt/airflow/dags/crawler_dag.py took 0.023 seconds
