Spark Command: /usr/lib/jvm/java-17-openjdk-amd64/bin/java -cp /opt/spark/conf/:/opt/spark/jars/* -Dspark.history.fs.logDirectory=/opt/spark/logs -Xmx1g org.apache.spark.deploy.history.HistoryServer
========================================
Using Spark's default log4j profile: org/apache/spark/log4j2-defaults.properties
25/12/04 07:50:14 INFO HistoryServer: Started daemon with process name: 26@a52b93eea276
25/12/04 07:50:14 INFO SignalUtils: Registering signal handler for TERM
25/12/04 07:50:14 INFO SignalUtils: Registering signal handler for HUP
25/12/04 07:50:14 INFO SignalUtils: Registering signal handler for INT
25/12/04 07:50:14 WARN NativeCodeLoader: Unable to load native-hadoop library for your platform... using builtin-java classes where applicable
25/12/04 07:50:14 INFO SecurityManager: Changing view acls to: root
25/12/04 07:50:14 INFO SecurityManager: Changing modify acls to: root
25/12/04 07:50:14 INFO SecurityManager: Changing view acls groups to: 
25/12/04 07:50:14 INFO SecurityManager: Changing modify acls groups to: 
25/12/04 07:50:14 INFO SecurityManager: SecurityManager: authentication disabled; ui acls disabled; users with view permissions: root; groups with view permissions: EMPTY; users with modify permissions: root; groups with modify permissions: EMPTY
25/12/04 07:50:14 INFO FsHistoryProvider: History server ui acls disabled; users with admin permissions: ; groups with admin permissions: 
25/12/04 07:50:14 INFO JettyUtils: Start Jetty 0.0.0.0:18080 for HistoryServerUI
25/12/04 07:50:14 INFO Utils: Successfully started service 'HistoryServerUI' on port 18080.
25/12/04 07:50:14 INFO HistoryServer: Bound HistoryServer to 0.0.0.0, and started at http://a52b93eea276:18080
25/12/04 07:50:14 INFO FsHistoryProvider: Parsing file:/opt/spark/logs/spark--org.apache.spark.deploy.history.HistoryServer-1-a52b93eea276.out.1 for listing data...
25/12/04 07:50:14 INFO FsHistoryProvider: Parsing file:/opt/spark/logs/spark--org.apache.spark.deploy.history.HistoryServer-1-a52b93eea276.out for listing data...
25/12/04 07:50:14 INFO FsHistoryProvider: Parsing file:/opt/spark/logs/spark--org.apache.spark.deploy.history.HistoryServer-1-a52b93eea276.out.2 for listing data...
25/12/04 07:50:14 ERROR FsHistoryProvider: Exception while merging application listings
org.apache.spark.SparkIllegalArgumentException: [CODEC_NOT_AVAILABLE] The codec 2 is not available. Consider to set the config "spark.io.compression.codec" to "snappy".
	at org.apache.spark.io.CompressionCodec$.$anonfun$createCodec$2(CompressionCodec.scala:92)
	at scala.Option.getOrElse(Option.scala:189)
	at org.apache.spark.io.CompressionCodec$.createCodec(CompressionCodec.scala:92)
	at org.apache.spark.deploy.history.EventLogFileReader$.$anonfun$openEventLog$2(EventLogFileReaders.scala:144)
	at java.base/java.util.concurrent.ConcurrentHashMap.computeIfAbsent(ConcurrentHashMap.java:1708)
	at org.apache.spark.deploy.history.EventLogFileReader$.$anonfun$openEventLog$1(EventLogFileReaders.scala:144)
	at scala.Option.map(Option.scala:230)
	at org.apache.spark.deploy.history.EventLogFileReader$.openEventLog(EventLogFileReaders.scala:143)
	at org.apache.spark.deploy.history.FsHistoryProvider.$anonfun$parseAppEventLogs$2(FsHistoryProvider.scala:1147)
	at org.apache.spark.util.SparkErrorUtils.tryWithResource(SparkErrorUtils.scala:47)
	at org.apache.spark.util.SparkErrorUtils.tryWithResource$(SparkErrorUtils.scala:46)
	at org.apache.spark.util.Utils$.tryWithResource(Utils.scala:94)
	at org.apache.spark.deploy.history.FsHistoryProvider.$anonfun$parseAppEventLogs$1(FsHistoryProvider.scala:1147)
	at org.apache.spark.deploy.history.FsHistoryProvider.$anonfun$parseAppEventLogs$1$adapted(FsHistoryProvider.scala:1145)
	at scala.collection.immutable.List.foreach(List.scala:431)
	at org.apache.spark.deploy.history.FsHistoryProvider.parseAppEventLogs(FsHistoryProvider.scala:1145)
	at org.apache.spark.deploy.history.FsHistoryProvider.doMergeApplicationListingInternal(FsHistoryProvider.scala:804)
	at org.apache.spark.deploy.history.FsHistoryProvider.doMergeApplicationListing(FsHistoryProvider.scala:773)
	at org.apache.spark.deploy.history.FsHistoryProvider.mergeApplicationListing(FsHistoryProvider.scala:722)
	at org.apache.spark.deploy.history.FsHistoryProvider.$anonfun$checkForLogs$18(FsHistoryProvider.scala:589)
	at java.base/java.util.concurrent.Executors$RunnableAdapter.call(Executors.java:539)
	at java.base/java.util.concurrent.FutureTask.run(FutureTask.java:264)
	at java.base/java.util.concurrent.ThreadPoolExecutor.runWorker(ThreadPoolExecutor.java:1136)
	at java.base/java.util.concurrent.ThreadPoolExecutor$Worker.run(ThreadPoolExecutor.java:635)
	at java.base/java.lang.Thread.run(Thread.java:840)
25/12/04 07:50:14 ERROR FsHistoryProvider: Exception while merging application listings
org.apache.spark.SparkIllegalArgumentException: [CODEC_NOT_AVAILABLE] The codec 1 is not available. Consider to set the config "spark.io.compression.codec" to "snappy".
	at org.apache.spark.io.CompressionCodec$.$anonfun$createCodec$2(CompressionCodec.scala:92)
	at scala.Option.getOrElse(Option.scala:189)
	at org.apache.spark.io.CompressionCodec$.createCodec(CompressionCodec.scala:92)
	at org.apache.spark.deploy.history.EventLogFileReader$.$anonfun$openEventLog$2(EventLogFileReaders.scala:144)
	at java.base/java.util.concurrent.ConcurrentHashMap.computeIfAbsent(ConcurrentHashMap.java:1708)
	at org.apache.spark.deploy.history.EventLogFileReader$.$anonfun$openEventLog$1(EventLogFileReaders.scala:144)
	at scala.Option.map(Option.scala:230)
	at org.apache.spark.deploy.history.EventLogFileReader$.openEventLog(EventLogFileReaders.scala:143)
	at org.apache.spark.deploy.history.FsHistoryProvider.$anonfun$parseAppEventLogs$2(FsHistoryProvider.scala:1147)
	at org.apache.spark.util.SparkErrorUtils.tryWithResource(SparkErrorUtils.scala:47)
	at org.apache.spark.util.SparkErrorUtils.tryWithResource$(SparkErrorUtils.scala:46)
	at org.apache.spark.util.Utils$.tryWithResource(Utils.scala:94)
	at org.apache.spark.deploy.history.FsHistoryProvider.$anonfun$parseAppEventLogs$1(FsHistoryProvider.scala:1147)
	at org.apache.spark.deploy.history.FsHistoryProvider.$anonfun$parseAppEventLogs$1$adapted(FsHistoryProvider.scala:1145)
	at scala.collection.immutable.List.foreach(List.scala:431)
	at org.apache.spark.deploy.history.FsHistoryProvider.parseAppEventLogs(FsHistoryProvider.scala:1145)
	at org.apache.spark.deploy.history.FsHistoryProvider.doMergeApplicationListingInternal(FsHistoryProvider.scala:804)
	at org.apache.spark.deploy.history.FsHistoryProvider.doMergeApplicationListing(FsHistoryProvider.scala:773)
	at org.apache.spark.deploy.history.FsHistoryProvider.mergeApplicationListing(FsHistoryProvider.scala:722)
	at org.apache.spark.deploy.history.FsHistoryProvider.$anonfun$checkForLogs$18(FsHistoryProvider.scala:589)
	at java.base/java.util.concurrent.Executors$RunnableAdapter.call(Executors.java:539)
	at java.base/java.util.concurrent.FutureTask.run(FutureTask.java:264)
	at java.base/java.util.concurrent.ThreadPoolExecutor.runWorker(ThreadPoolExecutor.java:1136)
	at java.base/java.util.concurrent.ThreadPoolExecutor$Worker.run(ThreadPoolExecutor.java:635)
	at java.base/java.lang.Thread.run(Thread.java:840)
25/12/04 07:50:14 ERROR FsHistoryProvider: Exception while merging application listings
org.apache.spark.SparkIllegalArgumentException: [CODEC_NOT_AVAILABLE] The codec out is not available. Consider to set the config "spark.io.compression.codec" to "snappy".
	at org.apache.spark.io.CompressionCodec$.$anonfun$createCodec$2(CompressionCodec.scala:92)
	at scala.Option.getOrElse(Option.scala:189)
	at org.apache.spark.io.CompressionCodec$.createCodec(CompressionCodec.scala:92)
	at org.apache.spark.deploy.history.EventLogFileReader$.$anonfun$openEventLog$2(EventLogFileReaders.scala:144)
	at java.base/java.util.concurrent.ConcurrentHashMap.computeIfAbsent(ConcurrentHashMap.java:1708)
	at org.apache.spark.deploy.history.EventLogFileReader$.$anonfun$openEventLog$1(EventLogFileReaders.scala:144)
	at scala.Option.map(Option.scala:230)
	at org.apache.spark.deploy.history.EventLogFileReader$.openEventLog(EventLogFileReaders.scala:143)
	at org.apache.spark.deploy.history.FsHistoryProvider.$anonfun$parseAppEventLogs$2(FsHistoryProvider.scala:1147)
	at org.apache.spark.util.SparkErrorUtils.tryWithResource(SparkErrorUtils.scala:47)
	at org.apache.spark.util.SparkErrorUtils.tryWithResource$(SparkErrorUtils.scala:46)
	at org.apache.spark.util.Utils$.tryWithResource(Utils.scala:94)
	at org.apache.spark.deploy.history.FsHistoryProvider.$anonfun$parseAppEventLogs$1(FsHistoryProvider.scala:1147)
	at org.apache.spark.deploy.history.FsHistoryProvider.$anonfun$parseAppEventLogs$1$adapted(FsHistoryProvider.scala:1145)
	at scala.collection.immutable.List.foreach(List.scala:431)
	at org.apache.spark.deploy.history.FsHistoryProvider.parseAppEventLogs(FsHistoryProvider.scala:1145)
	at org.apache.spark.deploy.history.FsHistoryProvider.doMergeApplicationListingInternal(FsHistoryProvider.scala:804)
	at org.apache.spark.deploy.history.FsHistoryProvider.doMergeApplicationListing(FsHistoryProvider.scala:773)
	at org.apache.spark.deploy.history.FsHistoryProvider.mergeApplicationListing(FsHistoryProvider.scala:722)
	at org.apache.spark.deploy.history.FsHistoryProvider.$anonfun$checkForLogs$18(FsHistoryProvider.scala:589)
	at java.base/java.util.concurrent.Executors$RunnableAdapter.call(Executors.java:539)
	at java.base/java.util.concurrent.FutureTask.run(FutureTask.java:264)
	at java.base/java.util.concurrent.ThreadPoolExecutor.runWorker(ThreadPoolExecutor.java:1136)
	at java.base/java.util.concurrent.ThreadPoolExecutor$Worker.run(ThreadPoolExecutor.java:635)
	at java.base/java.lang.Thread.run(Thread.java:840)
25/12/04 07:50:14 INFO FsHistoryProvider: Parsing file:/opt/spark/logs/spark--org.apache.spark.deploy.history.HistoryServer-1-a52b93eea276.out.3 for listing data...
25/12/04 07:50:14 INFO FsHistoryProvider: Parsing file:/opt/spark/logs/spark--org.apache.spark.deploy.history.HistoryServer-1-a52b93eea276.out.4 for listing data...
25/12/04 07:50:14 INFO FsHistoryProvider: Parsing file:/opt/spark/logs/spark--org.apache.spark.deploy.history.HistoryServer-1-a52b93eea276.out.5 for listing data...
25/12/04 07:50:14 ERROR FsHistoryProvider: Exception while merging application listings
org.apache.spark.SparkIllegalArgumentException: [CODEC_NOT_AVAILABLE] The codec 3 is not available. Consider to set the config "spark.io.compression.codec" to "snappy".
	at org.apache.spark.io.CompressionCodec$.$anonfun$createCodec$2(CompressionCodec.scala:92)
	at scala.Option.getOrElse(Option.scala:189)
	at org.apache.spark.io.CompressionCodec$.createCodec(CompressionCodec.scala:92)
	at org.apache.spark.deploy.history.EventLogFileReader$.$anonfun$openEventLog$2(EventLogFileReaders.scala:144)
	at java.base/java.util.concurrent.ConcurrentHashMap.computeIfAbsent(ConcurrentHashMap.java:1708)
	at org.apache.spark.deploy.history.EventLogFileReader$.$anonfun$openEventLog$1(EventLogFileReaders.scala:144)
	at scala.Option.map(Option.scala:230)
	at org.apache.spark.deploy.history.EventLogFileReader$.openEventLog(EventLogFileReaders.scala:143)
	at org.apache.spark.deploy.history.FsHistoryProvider.$anonfun$parseAppEventLogs$2(FsHistoryProvider.scala:1147)
	at org.apache.spark.util.SparkErrorUtils.tryWithResource(SparkErrorUtils.scala:47)
	at org.apache.spark.util.SparkErrorUtils.tryWithResource$(SparkErrorUtils.scala:46)
	at org.apache.spark.util.Utils$.tryWithResource(Utils.scala:94)
	at org.apache.spark.deploy.history.FsHistoryProvider.$anonfun$parseAppEventLogs$1(FsHistoryProvider.scala:1147)
	at org.apache.spark.deploy.history.FsHistoryProvider.$anonfun$parseAppEventLogs$1$adapted(FsHistoryProvider.scala:1145)
	at scala.collection.immutable.List.foreach(List.scala:431)
	at org.apache.spark.deploy.history.FsHistoryProvider.parseAppEventLogs(FsHistoryProvider.scala:1145)
	at org.apache.spark.deploy.history.FsHistoryProvider.doMergeApplicationListingInternal(FsHistoryProvider.scala:804)
	at org.apache.spark.deploy.history.FsHistoryProvider.doMergeApplicationListing(FsHistoryProvider.scala:773)
	at org.apache.spark.deploy.history.FsHistoryProvider.mergeApplicationListing(FsHistoryProvider.scala:722)
	at org.apache.spark.deploy.history.FsHistoryProvider.$anonfun$checkForLogs$18(FsHistoryProvider.scala:589)
	at java.base/java.util.concurrent.Executors$RunnableAdapter.call(Executors.java:539)
	at java.base/java.util.concurrent.FutureTask.run(FutureTask.java:264)
	at java.base/java.util.concurrent.ThreadPoolExecutor.runWorker(ThreadPoolExecutor.java:1136)
	at java.base/java.util.concurrent.ThreadPoolExecutor$Worker.run(ThreadPoolExecutor.java:635)
	at java.base/java.lang.Thread.run(Thread.java:840)
25/12/04 07:50:14 ERROR FsHistoryProvider: Exception while merging application listings
org.apache.spark.SparkIllegalArgumentException: [CODEC_NOT_AVAILABLE] The codec 4 is not available. Consider to set the config "spark.io.compression.codec" to "snappy".
	at org.apache.spark.io.CompressionCodec$.$anonfun$createCodec$2(CompressionCodec.scala:92)
	at scala.Option.getOrElse(Option.scala:189)
	at org.apache.spark.io.CompressionCodec$.createCodec(CompressionCodec.scala:92)
	at org.apache.spark.deploy.history.EventLogFileReader$.$anonfun$openEventLog$2(EventLogFileReaders.scala:144)
	at java.base/java.util.concurrent.ConcurrentHashMap.computeIfAbsent(ConcurrentHashMap.java:1708)
	at org.apache.spark.deploy.history.EventLogFileReader$.$anonfun$openEventLog$1(EventLogFileReaders.scala:144)
	at scala.Option.map(Option.scala:230)
	at org.apache.spark.deploy.history.EventLogFileReader$.openEventLog(EventLogFileReaders.scala:143)
	at org.apache.spark.deploy.history.FsHistoryProvider.$anonfun$parseAppEventLogs$2(FsHistoryProvider.scala:1147)
	at org.apache.spark.util.SparkErrorUtils.tryWithResource(SparkErrorUtils.scala:47)
	at org.apache.spark.util.SparkErrorUtils.tryWithResource$(SparkErrorUtils.scala:46)
	at org.apache.spark.util.Utils$.tryWithResource(Utils.scala:94)
	at org.apache.spark.deploy.history.FsHistoryProvider.$anonfun$parseAppEventLogs$1(FsHistoryProvider.scala:1147)
	at org.apache.spark.deploy.history.FsHistoryProvider.$anonfun$parseAppEventLogs$1$adapted(FsHistoryProvider.scala:1145)
	at scala.collection.immutable.List.foreach(List.scala:431)
	at org.apache.spark.deploy.history.FsHistoryProvider.parseAppEventLogs(FsHistoryProvider.scala:1145)
	at org.apache.spark.deploy.history.FsHistoryProvider.doMergeApplicationListingInternal(FsHistoryProvider.scala:804)
	at org.apache.spark.deploy.history.FsHistoryProvider.doMergeApplicationListing(FsHistoryProvider.scala:773)
	at org.apache.spark.deploy.history.FsHistoryProvider.mergeApplicationListing(FsHistoryProvider.scala:722)
	at org.apache.spark.deploy.history.FsHistoryProvider.$anonfun$checkForLogs$18(FsHistoryProvider.scala:589)
	at java.base/java.util.concurrent.Executors$RunnableAdapter.call(Executors.java:539)
	at java.base/java.util.concurrent.FutureTask.run(FutureTask.java:264)
	at java.base/java.util.concurrent.ThreadPoolExecutor.runWorker(ThreadPoolExecutor.java:1136)
	at java.base/java.util.concurrent.ThreadPoolExecutor$Worker.run(ThreadPoolExecutor.java:635)
	at java.base/java.lang.Thread.run(Thread.java:840)
25/12/04 07:50:14 ERROR FsHistoryProvider: Exception while merging application listings
org.apache.spark.SparkIllegalArgumentException: [CODEC_NOT_AVAILABLE] The codec 5 is not available. Consider to set the config "spark.io.compression.codec" to "snappy".
	at org.apache.spark.io.CompressionCodec$.$anonfun$createCodec$2(CompressionCodec.scala:92)
	at scala.Option.getOrElse(Option.scala:189)
	at org.apache.spark.io.CompressionCodec$.createCodec(CompressionCodec.scala:92)
	at org.apache.spark.deploy.history.EventLogFileReader$.$anonfun$openEventLog$2(EventLogFileReaders.scala:144)
	at java.base/java.util.concurrent.ConcurrentHashMap.computeIfAbsent(ConcurrentHashMap.java:1708)
	at org.apache.spark.deploy.history.EventLogFileReader$.$anonfun$openEventLog$1(EventLogFileReaders.scala:144)
	at scala.Option.map(Option.scala:230)
	at org.apache.spark.deploy.history.EventLogFileReader$.openEventLog(EventLogFileReaders.scala:143)
	at org.apache.spark.deploy.history.FsHistoryProvider.$anonfun$parseAppEventLogs$2(FsHistoryProvider.scala:1147)
	at org.apache.spark.util.SparkErrorUtils.tryWithResource(SparkErrorUtils.scala:47)
	at org.apache.spark.util.SparkErrorUtils.tryWithResource$(SparkErrorUtils.scala:46)
	at org.apache.spark.util.Utils$.tryWithResource(Utils.scala:94)
	at org.apache.spark.deploy.history.FsHistoryProvider.$anonfun$parseAppEventLogs$1(FsHistoryProvider.scala:1147)
	at org.apache.spark.deploy.history.FsHistoryProvider.$anonfun$parseAppEventLogs$1$adapted(FsHistoryProvider.scala:1145)
	at scala.collection.immutable.List.foreach(List.scala:431)
	at org.apache.spark.deploy.history.FsHistoryProvider.parseAppEventLogs(FsHistoryProvider.scala:1145)
	at org.apache.spark.deploy.history.FsHistoryProvider.doMergeApplicationListingInternal(FsHistoryProvider.scala:804)
	at org.apache.spark.deploy.history.FsHistoryProvider.doMergeApplicationListing(FsHistoryProvider.scala:773)
	at org.apache.spark.deploy.history.FsHistoryProvider.mergeApplicationListing(FsHistoryProvider.scala:722)
	at org.apache.spark.deploy.history.FsHistoryProvider.$anonfun$checkForLogs$18(FsHistoryProvider.scala:589)
	at java.base/java.util.concurrent.Executors$RunnableAdapter.call(Executors.java:539)
	at java.base/java.util.concurrent.FutureTask.run(FutureTask.java:264)
	at java.base/java.util.concurrent.ThreadPoolExecutor.runWorker(ThreadPoolExecutor.java:1136)
	at java.base/java.util.concurrent.ThreadPoolExecutor$Worker.run(ThreadPoolExecutor.java:635)
	at java.base/java.lang.Thread.run(Thread.java:840)
